0 info it worked if it ends with ok
1 verbose cli [ 'c:\\Program Files\\nodejs\\node.exe',
1 verbose cli   'c:\\Program Files\\nodejs\\node_modules\\npm\\bin\\npm-cli.js',
1 verbose cli   'install',
1 verbose cli   'gitbook-cli',
1 verbose cli   '-g' ]
2 info using npm@2.13.2
3 info using node@v0.12.7
4 verbose install initial load of c:\Program Files\nodejs\package.json
5 verbose readDependencies loading dependencies from c:\Program Files\nodejs\package.json
6 silly cache add args [ 'gitbook-cli', null ]
7 verbose cache add spec gitbook-cli
8 silly cache add parsed spec { raw: 'gitbook-cli',
8 silly cache add   scope: null,
8 silly cache add   name: 'gitbook-cli',
8 silly cache add   rawSpec: '',
8 silly cache add   spec: '*',
8 silly cache add   type: 'range' }
9 silly addNamed gitbook-cli@*
10 verbose addNamed "*" is a valid semver range for gitbook-cli
11 silly addNameRange { name: 'gitbook-cli', range: '*', hasData: false }
12 silly mapToRegistry name gitbook-cli
13 silly mapToRegistry using default registry
14 silly mapToRegistry registry https://registry.npmjs.org/
15 silly mapToRegistry uri https://registry.npmjs.org/gitbook-cli
16 verbose addNameRange registry:https://registry.npmjs.org/gitbook-cli not in flight; fetching
17 verbose request uri https://registry.npmjs.org/gitbook-cli
18 verbose request no auth needed
19 info attempt registry request try #1 at 3:14:57 PM
20 verbose request using bearer token for auth
21 verbose request id 399e4b9413cc2590
22 http request GET https://registry.npmjs.org/gitbook-cli
23 http 200 https://registry.npmjs.org/gitbook-cli
24 silly get cb [ 200,
24 silly get   { server: 'CouchDB/1.5.0 (Erlang OTP/R16B03)',
24 silly get     etag: '"3MC5O0B8BMQIIOUI8IL1YNCMM"',
24 silly get     'content-type': 'application/json',
24 silly get     'cache-control': 'max-age=60',
24 silly get     'content-length': '11366',
24 silly get     'accept-ranges': 'bytes',
24 silly get     date: 'Sun, 23 Aug 2015 14:15:12 GMT',
24 silly get     via: '1.1 varnish',
24 silly get     connection: 'keep-alive',
24 silly get     'x-served-by': 'cache-lcy1129-LCY',
24 silly get     'x-cache': 'MISS',
24 silly get     'x-cache-hits': '0',
24 silly get     'x-timer': 'S1440339312.607281,VS0,VE171',
24 silly get     vary: 'Accept' } ]
25 verbose get saving gitbook-cli to C:\Users\edward.silverton\AppData\Roaming\npm-cache\registry.npmjs.org\gitbook-cli\.cache.json
26 silly addNameRange number 2 { name: 'gitbook-cli', range: '*', hasData: true }
27 silly addNameRange versions [ 'gitbook-cli',
27 silly addNameRange   [ '0.1.0', '0.2.0', '0.3.0', '0.3.1', '0.3.2', '0.3.3', '0.3.4' ] ]
28 silly addNamed gitbook-cli@0.3.4
29 verbose addNamed "0.3.4" is a plain semver version for gitbook-cli
30 silly mapToRegistry name gitbook-cli
31 silly mapToRegistry using default registry
32 silly mapToRegistry registry https://registry.npmjs.org/
33 silly mapToRegistry uri https://registry.npmjs.org/gitbook-cli
34 verbose addRemoteTarball https://registry.npmjs.org/gitbook-cli/-/gitbook-cli-0.3.4.tgz not in flight; adding
35 verbose addRemoteTarball [ 'https://registry.npmjs.org/gitbook-cli/-/gitbook-cli-0.3.4.tgz',
35 verbose addRemoteTarball   'd77581a3da70e7445f069bce4659980b3a40aab5' ]
36 info retry fetch attempt 1 at 3:14:57 PM
37 info attempt registry request try #1 at 3:14:57 PM
38 http fetch GET https://registry.npmjs.org/gitbook-cli/-/gitbook-cli-0.3.4.tgz
39 verbose request using bearer token for auth
40 http fetch 200 https://registry.npmjs.org/gitbook-cli/-/gitbook-cli-0.3.4.tgz
41 silly fetchAndShaCheck shasum d77581a3da70e7445f069bce4659980b3a40aab5
42 verbose addTmpTarball C:\Users\EDWARD~1.SIL\AppData\Local\Temp\npm-13556-faa3d77b\registry.npmjs.org\gitbook-cli\-\gitbook-cli-0.3.4.tgz not in flight; adding
43 verbose addTmpTarball already have metadata; skipping unpack for gitbook-cli@0.3.4
44 silly cache afterAdd gitbook-cli@0.3.4
45 verbose afterAdd C:\Users\edward.silverton\AppData\Roaming\npm-cache\gitbook-cli\0.3.4\package\package.json not in flight; writing
46 verbose afterAdd C:\Users\edward.silverton\AppData\Roaming\npm-cache\gitbook-cli\0.3.4\package\package.json written
47 silly install resolved [ { name: 'gitbook-cli',
47 silly install resolved     version: '0.3.4',
47 silly install resolved     homepage: 'https://www.gitbook.com',
47 silly install resolved     description: 'CLI to generate books using gitbook',
47 silly install resolved     main: 'lib/index.js',
47 silly install resolved     dependencies:
47 silly install resolved      { q: '1.0.1',
47 silly install resolved        lodash: '2.4.1',
47 silly install resolved        semver: '2.2.1',
47 silly install resolved        npmi: '0.1.1',
47 silly install resolved        tmp: '0.0.23',
47 silly install resolved        commander: '2.6.0',
47 silly install resolved        optimist: '0.6.1',
47 silly install resolved        'fs-extra': '0.15.0',
47 silly install resolved        'bash-color': '0.0.3',
47 silly install resolved        npm: '2.4.1',
47 silly install resolved        'user-home': '1.1.1' },
47 silly install resolved     repository:
47 silly install resolved      { type: 'git',
47 silly install resolved        url: 'git+https://github.com/GitbookIO/gitbook-cli.git' },
47 silly install resolved     author: { name: 'FriendCode Inc.', email: 'contact@gitbook.com' },
47 silly install resolved     license: 'Apache 2',
47 silly install resolved     bugs: { url: 'https://github.com/GitbookIO/gitbook-cli/issues' },
47 silly install resolved     bin: { gitbook: './bin/gitbook.js' },
47 silly install resolved     contributors: [ [Object], [Object] ],
47 silly install resolved     gitHead: 'a5ed510b6e2059ecbf074456da6c27e3da00d3f7',
47 silly install resolved     _id: 'gitbook-cli@0.3.4',
47 silly install resolved     scripts: {},
47 silly install resolved     _shasum: 'd77581a3da70e7445f069bce4659980b3a40aab5',
47 silly install resolved     _from: 'gitbook-cli@*',
47 silly install resolved     _npmVersion: '2.10.1',
47 silly install resolved     _nodeVersion: '0.10.26',
47 silly install resolved     _npmUser: { name: 'samypesse', email: 'samypesse@gmail.com' },
47 silly install resolved     dist:
47 silly install resolved      { shasum: 'd77581a3da70e7445f069bce4659980b3a40aab5',
47 silly install resolved        tarball: 'http://registry.npmjs.org/gitbook-cli/-/gitbook-cli-0.3.4.tgz' },
47 silly install resolved     maintainers: [ [Object] ],
47 silly install resolved     directories: {},
47 silly install resolved     _resolved: 'https://registry.npmjs.org/gitbook-cli/-/gitbook-cli-0.3.4.tgz' } ]
48 info install gitbook-cli@0.3.4 into c:\Program Files\nodejs
49 info installOne gitbook-cli@0.3.4
50 verbose installOne of gitbook-cli to c:\Program Files\nodejs not in flight; installing
51 verbose lock using C:\Users\edward.silverton\AppData\Roaming\npm-cache\_locks\gitbook-cli-243d8043038893ab.lock for c:\Program Files\nodejs\node_modules\gitbook-cli
52 silly install write writing gitbook-cli 0.3.4 to c:\Program Files\nodejs\node_modules\gitbook-cli
53 verbose unbuild node_modules\gitbook-cli
54 silly gentlyRm c:\Program Files\nodejs\node_modules\gitbook-cli is being purged from base c:\Program Files\nodejs
55 verbose gentlyRm don't care about contents; nuking c:\Program Files\nodejs\node_modules\gitbook-cli
56 verbose tar unpack C:\Users\edward.silverton\AppData\Roaming\npm-cache\gitbook-cli\0.3.4\package.tgz
57 verbose tar unpacking to c:\Program Files\nodejs\node_modules\gitbook-cli
58 silly gentlyRm c:\Program Files\nodejs\node_modules\gitbook-cli is being purged
59 verbose gentlyRm don't care about contents; nuking c:\Program Files\nodejs\node_modules\gitbook-cli
60 silly gunzTarPerm modes [ '777', '666' ]
61 error tar.unpack untar error C:\Users\edward.silverton\AppData\Roaming\npm-cache\gitbook-cli\0.3.4\package.tgz
62 verbose unlock done using C:\Users\edward.silverton\AppData\Roaming\npm-cache\_locks\gitbook-cli-243d8043038893ab.lock for c:\Program Files\nodejs\node_modules\gitbook-cli
63 verbose fstream_path c:\Program Files\nodejs\node_modules\gitbook-cli
64 verbose fstream_type Directory
65 verbose fstream_class DirWriter
66 verbose stack Error: EPERM, mkdir 'c:\Program Files\nodejs\node_modules\gitbook-cli'
66 verbose stack     at Error (native)
67 verbose fstream_stack c:\Program Files\nodejs\node_modules\npm\node_modules\fstream\lib\dir-writer.js:35:25
67 verbose fstream_stack c:\Program Files\nodejs\node_modules\npm\node_modules\mkdirp\index.js:47:53
67 verbose fstream_stack FSReqWrap.oncomplete (fs.js:95:15)
68 verbose cwd c:\Users\edward.silverton\github\BlokDust\blokdust.github.io
69 error Windows_NT 6.3.9600
70 error argv "c:\\Program Files\\nodejs\\node.exe" "c:\\Program Files\\nodejs\\node_modules\\npm\\bin\\npm-cli.js" "install" "gitbook-cli" "-g"
71 error node v0.12.7
72 error npm  v2.13.2
73 error path c:\Program Files\nodejs\node_modules\gitbook-cli
74 error code EPERM
75 error errno -4048
76 error Error: EPERM, mkdir 'c:\Program Files\nodejs\node_modules\gitbook-cli'
76 error     at Error (native)
76 error  { [Error: EPERM, mkdir 'c:\Program Files\nodejs\node_modules\gitbook-cli']
76 error   errno: -4048,
76 error   code: 'EPERM',
76 error   path: 'c:\\Program Files\\nodejs\\node_modules\\gitbook-cli',
76 error   fstream_type: 'Directory',
76 error   fstream_path: 'c:\\Program Files\\nodejs\\node_modules\\gitbook-cli',
76 error   fstream_class: 'DirWriter',
76 error   fstream_stack:
76 error    [ 'c:\\Program Files\\nodejs\\node_modules\\npm\\node_modules\\fstream\\lib\\dir-writer.js:35:25',
76 error      'c:\\Program Files\\nodejs\\node_modules\\npm\\node_modules\\mkdirp\\index.js:47:53',
76 error      'FSReqWrap.oncomplete (fs.js:95:15)' ] }
77 error Please try running this command again as root/Administrator.
78 verbose exit [ -4048, true ]
79 verbose unbuild node_modules\gitbook-cli
80 silly gentlyRm c:\Program Files\nodejs\node_modules\gitbook-cli is being purged from base c:\Program Files\nodejs
81 verbose gentlyRm don't care about contents; nuking c:\Program Files\nodejs\node_modules\gitbook-cli
